app/build/outputs/mapping/release/seeds.txt
marks.rangecard.pro.GPSActivity
marks.rangecard.pro.GPSActivity: GPSActivity()
marks.rangecard.pro.GPSActivity: void onClick(android.view.View)
marks.rangecard.pro.MGestureOverlay: android.location.Location getCurrent()
marks.rangecard.pro.MGestureOverlay: marks.rangecard.pro.CurrentLocation getCurrentLocation()
marks.rangecard.pro.MainMapActivity
marks.rangecard.pro.MainMapActivity: MainMapActivity()
marks.rangecard.pro.PreferencesActivity
marks.rangecard.pro.PreferencesActivity: PreferencesActivity()
marks.rangecard.pro.R$anim: int abc_fade_in
marks.rangecard.pro.R$anim: int abc_fade_out
marks.rangecard.pro.R$anim: int abc_grow_fade_in_from_bottom
marks.rangecard.pro.R$anim: int abc_popup_enter
marks.rangecard.pro.R$anim: int abc_popup_exit
marks.rangecard.pro.R$anim: int abc_shrink_fade_out_from_bottom
marks.rangecard.pro.R$anim: int abc_slide_in_bottom
marks.rangecard.pro.R$anim: int abc_slide_in_top
marks.rangecard.pro.R$anim: int abc_slide_out_bottom
marks.rangecard.pro.R$anim: int abc_slide_out_top
marks.rangecard.pro.R$array: int bearing
marks.rangecard.pro.R$array: int brng_units
marks.rangecard.pro.R$array: int cast_expanded_controller_default_control_buttons
marks.rangecard.pro.R$array: int cast_mini_controller_default_control_buttons
marks.rangecard.pro.R$array: int colors
marks.rangecard.pro.R$array: int distance_units
marks.rangecard.pro.R$array: int geo_systems
marks.rangecard.pro.R$array: int map_modes
marks.rangecard.pro.R$array: int sizes
marks.rangecard.pro.R$array: int target_colors
marks.rangecard.pro.R$attr: int MediaRouteControllerWindowBackground
marks.rangecard.pro.R$attr: int actionBarDivider
marks.rangecard.pro.R$attr: int actionBarItemBackground
marks.rangecard.pro.R$attr: int actionBarPopupTheme
marks.rangecard.pro.R$attr: int actionBarSize
marks.rangecard.pro.R$attr: int actionBarSplitStyle
marks.rangecard.pro.R$attr: int actionBarStyle
marks.rangecard.pro.R$attr: int actionBarTabBarStyle
marks.rangecard.pro.R$attr: int actionBarTabStyle
marks.rangecard.pro.R$attr: int actionBarTabTextStyle
marks.rangecard.pro.R$attr: int actionBarTheme
marks.rangecard.pro.R$attr: int actionBarWidgetTheme
marks.rangecard.pro.R$attr: int actionButtonStyle
marks.rangecard.pro.R$attr: int actionDropDownStyle
marks.rangecard.pro.R$attr: int actionLayout
marks.rangecard.pro.R$attr: int actionMenuTextAppearance
marks.rangecard.pro.R$attr: int actionMenuTextColor
marks.rangecard.pro.R$attr: int actionModeBackground
marks.rangecard.pro.R$attr: int actionModeCloseButtonStyle
marks.rangecard.pro.R$attr: int actionModeCloseDrawable
marks.rangecard.pro.R$attr: int actionModeCopyDrawable
marks.rangecard.pro.R$attr: int actionModeCutDrawable
marks.rangecard.pro.R$attr: int actionModeFindDrawable
marks.rangecard.pro.R$attr: int actionModePasteDrawable
marks.rangecard.pro.R$attr: int actionModePopupWindowStyle
marks.rangecard.pro.R$attr: int actionModeSelectAllDrawable
marks.rangecard.pro.R$attr: int actionModeShareDrawable
marks.rangecard.pro.R$bool: int abc_action_bar_embed_tabs
marks.rangecard.pro.R$bool: int abc_allow_stacked_button_bar
marks.rangecard.pro.R$bool: int abc_config_actionMenuItemAllCaps
marks.rangecard.pro.R$bool: int abc_config_closeDialogWhenTouchOutside
marks.rangecard.pro.R$bool: int abc_config_showMenuShortcutsWhenKeyboardPresent
...
com.google.android.gms.ads.search.SearchAdView: com.google.android.gms.ads.AdListener getAdListener()
com.google.android.gms.ads.search.SearchAdView: com.google.android.gms.ads.AdSize getAdSize()
com.google.android.gms.ads.search.SearchAdView: java.lang.String getAdUnitId()
com.google.android.gms.ads.search.SearchAdView: void setAdListener(com.google.android.gms.ads.AdListener)
com.google.android.gms.ads.search.SearchAdView: void setAdSize(com.google.android.gms.ads.AdSize)
com.google.android.gms.ads.search.SearchAdView: void setAdUnitId(java.lang.String)
com.google.android.gms.analytics.internal.Command
com.google.android.gms.analytics.internal.Command: android.os.Parcelable$Creator CREATOR
com.google.android.gms.analytics.internal.zzm: com.google.android.gms.analytics.internal.zzm[] values()
com.google.android.gms.analytics.internal.zzo: com.google.android.gms.analytics.internal.zzo[] values()
com.google.android.gms.appdatasearch.DocumentContents
com.google.android.gms.appdatasearch.DocumentContents: android.os.Parcelable$Creator CREATOR
com.google.android.gms.appdatasearch.DocumentId
com.google.android.gms.appdatasearch.DocumentId: android.os.Parcelable$Creator CREATOR
com.google.android.gms.appdatasearch.DocumentSection
com.google.android.gms.appdatasearch.DocumentSection: android.os.Parcelable$Creator CREATOR
com.google.android.gms.appdatasearch.Feature
com.google.android.gms.appdatasearch.Feature: android.os.Parcelable$Creator CREATOR
com.google.android.gms.appdatasearch.GetRecentContextCall$Request
com.google.android.gms.appdatasearch.GetRecentContextCall$Request: android.os.Parcelable$Creator CREATOR
com.google.android.gms.appdatasearch.GetRecentContextCall$Response
com.google.android.gms.appdatasearch.GetRecentContextCall$Response: android.os.Parcelable$Creator CREATOR
com.google.android.gms.appdatasearch.RegisterSectionInfo
com.google.android.gms.appdatasearch.RegisterSectionInfo: android.os.Parcelable$Creator CREATOR
com.google.android.gms.appdatasearch.UsageInfo
com.google.android.gms.appdatasearch.UsageInfo: android.os.Parcelable$Creator CREATOR
com.google.android.gms.appinvite.PreviewActivity
com.google.android.gms.appinvite.PreviewActivity: PreviewActivity()
com.google.android.gms.auth.AccountChangeEvent
com.google.android.gms.auth.AccountChangeEvent: android.os.Parcelable$Creator CREATOR
com.google.android.gms.auth.AccountChangeEventsRequest
com.google.android.gms.auth.AccountChangeEventsRequest: android.os.Parcelable$Creator CREATOR
com.google.android.gms.auth.AccountChangeEventsResponse
com.google.android.gms.auth.AccountChangeEventsResponse: android.os.Parcelable$Creator CREATOR
com.google.android.gms.auth.TokenData
com.google.android.gms.auth.TokenData: android.os.Parcelable$Creator CREATOR
com.google.android.gms.auth.api.credentials.Credential
com.google.android.gms.auth.api.credentials.Credential: android.os.Parcelable$Creator CREATOR
com.google.android.gms.auth.api.credentials.CredentialPickerConfig
com.google.android.gms.auth.api.credentials.CredentialPickerConfig: android.os.Parcelable$Creator CREATOR
com.google.android.gms.auth.api.credentials.CredentialRequest
com.google.android.gms.auth.api.credentials.CredentialRequest: android.os.Parcelable$Creator CREATOR
com.google.android.gms.auth.api.credentials.HintRequest
com.google.android.gms.auth.api.credentials.HintRequest: android.os.Parcelable$Creator CREATOR
com.google.android.gms.auth.api.credentials.IdToken
com.google.android.gms.auth.api.credentials.IdToken: android.os.Parcelable$Creator CREATOR
com.google.android.gms.auth.api.credentials.PasswordSpecification
com.google.android.gms.auth.api.credentials.PasswordSpecification: android.os.Parcelable$Creator CREATOR
com.google.android.gms.auth.api.credentials.internal.DeleteRequest
com.google.android.gms.auth.api.credentials.internal.DeleteRequest: android.os.Parcelable$Creator CREATOR