app/build/outputs/mapping/release/mapping.txt
marks.rangecard.pro.ColorAdapter -> marks.rangecard.pro.a:
    void <init>(android.content.Context,int,java.lang.Object[]) -> <init>
    int getColor(int) -> a
    android.view.View getView(int,android.view.View,android.view.ViewGroup) -> getView
    android.view.View getDropDownView(int,android.view.View,android.view.ViewGroup) -> getDropDownView
marks.rangecard.pro.CurrentLocation -> marks.rangecard.pro.b:
    boolean mine -> a
    java.lang.String origin -> b
    java.lang.String originName -> c
    double lat -> d
    double lon -> e
    double alt -> f
    double acc -> g
    java.lang.String mgrs -> h
    long timestamp -> i
    void <init>() -> <init>
    void <init>(marks.rangecard.pro.TargetInfo) -> <init>
    void <init>(java.lang.String) -> <init>
    android.location.Location getLocation() -> a
    void <init>(android.location.Location) -> <init>
    double getLongitude() -> b
    double getLattitude() -> c
    double getAltitude() -> d
    double getAccuracy() -> e
    java.lang.String getTime() -> f
    java.lang.String jsonString() -> g
    java.lang.String toString() -> toString
marks.rangecard.pro.DataManager -> marks.rangecard.pro.c:
    java.util.Hashtable targets -> a
    marks.rangecard.pro.DataManager instance -> c
    android.content.Context ctx -> b
    com.google.android.gms.maps.GoogleMap map -> d
    marks.rangecard.pro.DataManager getInstance(android.content.Context) -> a
    void <init>(android.content.Context) -> <init>
    void setMap(com.google.android.gms.maps.GoogleMap) -> a
    int getNumberOfTargets() -> a
    marks.rangecard.pro.TargetInfo getTargetInfo(com.google.android.gms.maps.model.Marker) -> a
    void addTarget(marks.rangecard.pro.TargetInfo,com.google.android.gms.maps.model.Marker) -> a
    void removeTarget(com.google.android.gms.maps.model.Marker) -> b
    com.google.android.gms.maps.model.Marker getMarker(marks.rangecard.pro.TargetInfo) -> a
    marks.rangecard.pro.TargetInfo getTargetById(java.lang.String) -> a
    java.util.Vector getTargets() -> b
    void readTargetsFromFile() -> d
    java.util.Vector sortByRange(java.util.Vector) -> a
    void save() -> c
marks.rangecard.pro.DeleteTargetDialog -> marks.rangecard.pro.d:
    marks.rangecard.pro.TargetActivity targAct -> a
    void <init>(marks.rangecard.pro.TargetActivity) -> <init>
marks.rangecard.pro.DeleteTargetDialog$ClickListener -> marks.rangecard.pro.d$a:
    marks.rangecard.pro.DeleteTargetDialog this$0 -> a
    void <init>(marks.rangecard.pro.DeleteTargetDialog) -> <init>
    void onClick(android.content.DialogInterface,int) -> onClick
marks.rangecard.pro.EnableGPSDialog -> marks.rangecard.pro.e:
    void <init>(android.content.Context) -> <init>
marks.rangecard.pro.EnableGPSDialog$ClickListener -> marks.rangecard.pro.e$a:
    marks.rangecard.pro.EnableGPSDialog this$0 -> a
    void <init>(marks.rangecard.pro.EnableGPSDialog) -> <init>
    void onClick(android.content.DialogInterface,int) -> onClick
marks.rangecard.pro.GPSActivity -> marks.rangecard.pro.GPSActivity:
    java.lang.String CURRENT_LOC -> a
    java.lang.String UNITS -> b
    java.lang.String units -> c
    android.content.SharedPreferences sp -> d
    void <init>() -> <init>
    void onCreate(android.os.Bundle) -> onCreate
    void onClick(android.view.View) -> onClick
    void <clinit>() -> <clinit>
...
com.google.android.gms.internal.zzaqn$14 -> com.google.android.gms.b.jn$6:
    void <init>() -> <init>
    java.util.UUID zzz(com.google.android.gms.internal.zzaqp) -> a
    void zza(com.google.android.gms.internal.zzaqr,java.util.UUID) -> a
    java.lang.Object zzb(com.google.android.gms.internal.zzaqp) -> b
    void zza(com.google.android.gms.internal.zzaqr,java.lang.Object) -> a
com.google.android.gms.internal.zzaqn$15 -> com.google.android.gms.b.jn$7:
    void <init>() -> <init>
    com.google.android.gms.internal.zzapk zza(com.google.android.gms.internal.zzaos,com.google.android.gms.internal.zzaqo) -> a
com.google.android.gms.internal.zzaqn$15$1 -> com.google.android.gms.b.jn$7$1:
    com.google.android.gms.internal.zzapk brb -> a
    com.google.android.gms.internal.zzaqn$15 brc -> b
    void <init>(com.google.android.gms.internal.zzaqn$15,com.google.android.gms.internal.zzapk) -> <init>
    java.sql.Timestamp zzaa(com.google.android.gms.internal.zzaqp) -> a
    void zza(com.google.android.gms.internal.zzaqr,java.sql.Timestamp) -> a
    java.lang.Object zzb(com.google.android.gms.internal.zzaqp) -> b
    void zza(com.google.android.gms.internal.zzaqr,java.lang.Object) -> a
com.google.android.gms.internal.zzaqn$16 -> com.google.android.gms.b.jn$8:
    void <init>() -> <init>
    java.util.Calendar zzab(com.google.android.gms.internal.zzaqp) -> a
    void zza(com.google.android.gms.internal.zzaqr,java.util.Calendar) -> a
    java.lang.Object zzb(com.google.android.gms.internal.zzaqp) -> b
    void zza(com.google.android.gms.internal.zzaqr,java.lang.Object) -> a
com.google.android.gms.internal.zzaqn$17 -> com.google.android.gms.b.jn$9:
    void <init>() -> <init>
    java.util.Locale zzac(com.google.android.gms.internal.zzaqp) -> a
    void zza(com.google.android.gms.internal.zzaqr,java.util.Locale) -> a
    java.lang.Object zzb(com.google.android.gms.internal.zzaqp) -> b
    void zza(com.google.android.gms.internal.zzaqr,java.lang.Object) -> a
com.google.android.gms.internal.zzaqn$18 -> com.google.android.gms.b.jn$10:
    void <init>() -> <init>
    com.google.android.gms.internal.zzaoy zzad(com.google.android.gms.internal.zzaqp) -> a
    void zza(com.google.android.gms.internal.zzaqr,com.google.android.gms.internal.zzaoy) -> a
    java.lang.Object zzb(com.google.android.gms.internal.zzaqp) -> b
    void zza(com.google.android.gms.internal.zzaqr,java.lang.Object) -> a
com.google.android.gms.internal.zzaqn$19 -> com.google.android.gms.b.jn$11:
    void <init>() -> <init>
    com.google.android.gms.internal.zzapk zza(com.google.android.gms.internal.zzaos,com.google.android.gms.internal.zzaqo) -> a
com.google.android.gms.internal.zzaqn$2 -> com.google.android.gms.b.jn$12:
    void <init>() -> <init>
    java.lang.Number zzg(com.google.android.gms.internal.zzaqp) -> a
    void zza(com.google.android.gms.internal.zzaqr,java.lang.Number) -> a
    java.lang.Object zzb(com.google.android.gms.internal.zzaqp) -> b
    void zza(com.google.android.gms.internal.zzaqr,java.lang.Object) -> a
com.google.android.gms.internal.zzaqn$20 -> com.google.android.gms.b.jn$13:
    com.google.android.gms.internal.zzaqo bpf -> a
    com.google.android.gms.internal.zzapk brd -> b
    void <init>(com.google.android.gms.internal.zzaqo,com.google.android.gms.internal.zzapk) -> <init>
    com.google.android.gms.internal.zzapk zza(com.google.android.gms.internal.zzaos,com.google.android.gms.internal.zzaqo) -> a
com.google.android.gms.internal.zzaqn$21 -> com.google.android.gms.b.jn$14:
    java.lang.Class bre -> a
    com.google.android.gms.internal.zzapk brd -> b
    void <init>(java.lang.Class,com.google.android.gms.internal.zzapk) -> <init>
    com.google.android.gms.internal.zzapk zza(com.google.android.gms.internal.zzaos,com.google.android.gms.internal.zzaqo) -> a
    java.lang.String toString() -> toString