app/build/outputs/mapping/release/usage.txt
marks.rangecard.pro.BuildConfig
marks.rangecard.pro.CurrentLocation:
    static final java.lang.String TAG
    71:80:public void setOrigin(java.lang.String)
    84:93:public void setOriginName(java.lang.String)
marks.rangecard.pro.DataManager:
    static final java.lang.String targFile
    87:87:public java.util.Enumeration getKeys()
marks.rangecard.pro.DataStore
marks.rangecard.pro.GPSActivity:
    marks.rangecard.pro.DataManager dataManager
    private static final java.lang.String LL_FORMAT
    private static final java.lang.String ALT_FORMAT
marks.rangecard.pro.MGestureOverlay:
    private static final java.lang.String RANGE_FORMAT
    private static final java.lang.String BEARING_FORMAT
    static final int RET_SIZE_SMALL
    static final int RET_SIZE_MED
    static final int RET_SIZE_LARGE
    static final int RET_SIZE_HUGE
    static final int OFFSET_SIZE_SMALL
    static final int OFFSET_SIZE_MED
    static final int OFFSET_SIZE_LARGE
    static final int OFFSET_SIZE_HUGE
    static final float DOT_SIZE_SMALL
    static final float DOT_SIZE_MED
    static final float DOT_SIZE_LARGE
    static final float DOT_SIZE_HUGE
    static final float TEXT_SIZE_SMALL
    static final float TEXT_SIZE_MED
    static final float TEXT_SIZE_LARGE
    static final float TEXT_SIZE_HUGE
marks.rangecard.pro.MainMapActivity:
    private static final java.lang.String ZOOM
    private static final java.lang.String LAT
    private static final java.lang.String LON
    static final int azure
    static final int blue
    static final int cyan
    static final int green
    static final int magenta
    static final int orange
    static final int red
    static final int rose
    static final int violet
    static final int yellow
    static final int PERM_FINE_LOC
marks.rangecard.pro.Manifest
marks.rangecard.pro.Manifest$permission
marks.rangecard.pro.R
marks.rangecard.pro.R$anim
marks.rangecard.pro.R$array
marks.rangecard.pro.R$attr
marks.rangecard.pro.R$bool
marks.rangecard.pro.R$color
marks.rangecard.pro.R$dimen
marks.rangecard.pro.R$drawable
marks.rangecard.pro.R$id
marks.rangecard.pro.R$integer
marks.rangecard.pro.R$interpolator
marks.rangecard.pro.R$layout
marks.rangecard.pro.R$menu
marks.rangecard.pro.R$raw
marks.rangecard.pro.R$string
marks.rangecard.pro.R$style
marks.rangecard.pro.R$styleable
marks.rangecard.pro.TargetActivity:
    private static final java.lang.String LL_FORMAT
    private static final java.lang.String ALT_FORMAT
    private static final java.lang.String RANGE_FORMAT
    private static final java.lang.String ELV_FORMAT
    private static final java.lang.String BRG_FORMAT
    static final int azure
    static final int blue
    static final int cyan
    static final int green
    static final int magenta
    static final int orange
    static final int red
    static final int rose
    static final int violet
    static final int yellow
marks.rangecard.pro.TargetAdapter:
    private static final java.lang.String RANGE_FORMAT
    private static final java.lang.String BRG_FORMAT
    android.widget.ListView listView
    51:54:public java.lang.String getTargetID(int)
marks.rangecard.pro.TargetInfoWindow:
    private static final java.lang.String RANGE_FORMAT
    private static final java.lang.String BEARING_FORMAT
marks.rangecard.pro.UnitConvertor:
    11:12:public UnitConvertor()
...
com.google.android.gms.internal.zzwr$1
com.google.android.gms.internal.zzwr$2
com.google.android.gms.internal.zzwr$3
com.google.android.gms.internal.zzwr$zza
com.google.android.gms.internal.zzwr$zzb
com.google.android.gms.internal.zzwr$zzc
com.google.android.gms.internal.zzws
com.google.android.gms.internal.zzwt
com.google.android.gms.internal.zzwu
com.google.android.gms.internal.zzwu$1
com.google.android.gms.internal.zzwu$zza
com.google.android.gms.internal.zzwv
com.google.android.gms.internal.zzww
com.google.android.gms.internal.zzwx
com.google.android.gms.internal.zzwx$1
com.google.android.gms.internal.zzwx$2
com.google.android.gms.internal.zzwx$3
com.google.android.gms.internal.zzwx$4
com.google.android.gms.internal.zzwx$5
com.google.android.gms.internal.zzwx$zza
com.google.android.gms.internal.zzwx$zza$1
com.google.android.gms.internal.zzwy
com.google.android.gms.internal.zzwz
com.google.android.gms.internal.zzxa
com.google.android.gms.internal.zzxa$zza
com.google.android.gms.internal.zzxa$zza$zza
com.google.android.gms.internal.zzxb
com.google.android.gms.internal.zzxb$zza
com.google.android.gms.internal.zzxb$zza$zza
com.google.android.gms.internal.zzxc
com.google.android.gms.internal.zzxc$1
com.google.android.gms.internal.zzxc$2
com.google.android.gms.internal.zzxc$3
com.google.android.gms.internal.zzxc$4
com.google.android.gms.internal.zzxc$5
com.google.android.gms.internal.zzxc$6
com.google.android.gms.internal.zzxc$zza
com.google.android.gms.internal.zzxc$zzb
com.google.android.gms.internal.zzxc$zzb$1
com.google.android.gms.internal.zzxc$zzc
com.google.android.gms.internal.zzxc$zzc$1
com.google.android.gms.internal.zzxc$zzd
com.google.android.gms.internal.zzxc$zzd$1
com.google.android.gms.internal.zzxc$zze
com.google.android.gms.internal.zzxc$zze$1
com.google.android.gms.internal.zzxc$zzf
com.google.android.gms.internal.zzxc$zzf$1
com.google.android.gms.internal.zzxc$zzg
com.google.android.gms.internal.zzxc$zzh
com.google.android.gms.internal.zzxc$zzi
com.google.android.gms.internal.zzxc$zzj
com.google.android.gms.internal.zzxd
com.google.android.gms.internal.zzxe
com.google.android.gms.internal.zzxf
com.google.android.gms.internal.zzxg
com.google.android.gms.internal.zzxh
com.google.android.gms.internal.zzxi
com.google.android.gms.internal.zzxi$1
com.google.android.gms.internal.zzxi$zza
com.google.android.gms.internal.zzxj
com.google.android.gms.internal.zzxk
com.google.android.gms.internal.zzxk$zza
com.google.android.gms.internal.zzxk$zza$zza
com.google.android.gms.internal.zzxl
com.google.android.gms.internal.zzxl$zza
com.google.android.gms.internal.zzxl$zza$zza
com.google.android.gms.internal.zzxm
com.google.android.gms.internal.zzxn
com.google.android.gms.internal.zzxn$zza
com.google.android.gms.internal.zzxn$zzb
com.google.android.gms.internal.zzxn$zzb$1
com.google.android.gms.internal.zzxn$zzc
com.google.android.gms.internal.zzxn$zzc$1
com.google.android.gms.internal.zzxn$zzd
com.google.android.gms.internal.zzze$zza:
    public void error(java.lang.Exception)
    public void info(java.lang.String)
    public void verbose(java.lang.String)
com.google.android.gms.location.ActivityRecognition
com.google.android.gms.location.ActivityRecognition$1
com.google.android.gms.location.ActivityRecognition$zza
com.google.android.gms.location.ActivityRecognitionApi
com.google.android.gms.location.ActivityRecognitionRequest
com.google.android.gms.location.ActivityRecognitionResult
com.google.android.gms.location.ActivityTransition
com.google.android.gms.location.ActivityTransitionRequest
com.google.android.gms.location.ActivityTransitionRequest$1
com.google.android.gms.location.DetectedActivity
com.google.android.gms.location.DetectedActivity$1
com.google.android.gms.location.FusedLocationProviderApi
com.google.android.gms.location.Geofence
com.google.android.gms.location.Geofence$Builder
com.google.android.gms.location.GeofenceStatusCodes
com.google.android.gms.location.GeofencingApi